SF:lib\cep\common\model\cep_model.dart
DA:15,3
DA:26,1
DA:27,1
DA:28,1
DA:29,1
DA:30,1
DA:31,1
DA:32,1
DA:33,1
DA:34,1
DA:35,1
DA:39,1
DA:40,1
DA:41,2
DA:42,1
DA:43,1
DA:44,1
DA:45,1
DA:46,1
DA:47,2
DA:48,2
DA:52,0
DA:54,3
DA:56,1
DA:57,1
DA:58,1
DA:59,1
DA:60,1
DA:61,1
DA:62,1
DA:63,1
DA:64,1
DA:65,1
LF:33
LH:32
end_of_record
SF:lib\cep\consultar\consultar_cep_state.dart
DA:7,1
DA:8,1
DA:12,1
DA:13,1
DA:19,1
DA:21,1
DA:22,2
DA:28,1
DA:30,1
DA:31,2
LF:10
LH:10
end_of_record
SF:lib\cep\consultar\consultar_cep_store.dart
DA:13,1
DA:16,2
DA:18,1
DA:19,2
DA:20,1
DA:22,2
DA:24,2
DA:26,2
DA:27,1
DA:28,3
DA:30,2
DA:33,2
DA:35,1
DA:36,1
DA:37,2
DA:39,1
LF:16
LH:16
end_of_record
SF:lib\counter\counter_store.dart
DA:8,2
DA:10,1
DA:11,2
DA:12,2
DA:13,2
DA:14,1
DA:15,1
DA:16,3
DA:18,1
DA:20,1
DA:23,1
DA:24,2
DA:25,3
DA:26,2
DA:27,2
DA:28,1
DA:29,1
DA:30,3
DA:32,1
DA:35,1
LF:20
LH:20
end_of_record
SF:lib\counter\counter_state.dart
DA:6,3
DA:10,3
DA:12,1
DA:13,2
DA:19,2
DA:21,0
DA:22,0
DA:26,1
DA:27,2
LF:9
LH:7
end_of_record
