SF:lib\cep\common\adapters\remote_cep_datasource_exception.dart
DA:4,1
LF:1
LH:1
end_of_record
SF:lib\cep\common\adapters\remote_cep_datasource_dio_adapter.dart
DA:10,1
DA:12,1
DA:16,3
DA:17,2
DA:18,2
DA:19,1
DA:20,1
DA:23,2
DA:24,1
DA:25,3
DA:26,2
DA:28,3
DA:29,1
DA:31,0
DA:32,0
LF:15
LH:13
end_of_record
SF:lib\cep\common\model\cep_model.dart
DA:15,4
DA:26,1
DA:27,1
DA:28,1
DA:29,1
DA:30,1
DA:31,1
DA:32,1
DA:33,1
DA:34,1
DA:35,1
DA:39,2
DA:40,2
DA:41,4
DA:42,2
DA:43,2
DA:44,2
DA:45,2
DA:46,2
DA:47,4
DA:48,4
DA:52,0
DA:54,6
DA:56,2
DA:57,2
DA:58,2
DA:59,2
DA:60,2
DA:61,2
DA:62,2
DA:63,2
DA:64,2
DA:65,2
LF:33
LH:32
end_of_record
SF:lib\cep\consultar_historico\consultar_historico_cep_state.dart
DA:8,1
DA:9,1
DA:13,1
DA:14,1
DA:20,1
DA:22,1
DA:23,2
DA:29,1
DA:31,1
DA:32,2
LF:10
LH:10
end_of_record
SF:lib\cep\consultar_historico\consultar_historico_cep_store.dart
DA:10,1
DA:12,2
DA:14,1
DA:15,2
DA:16,1
DA:18,2
DA:19,2
DA:20,1
DA:21,2
DA:24,1
LF:10
LH:10
end_of_record
SF:lib\cep\common\adapters\local_cep_datasource_memory_adapter.dart
DA:7,0
DA:9,0
DA:10,0
DA:13,0
DA:15,0
DA:18,0
DA:20,0
DA:21,0
DA:22,0
DA:26,0
DA:28,0
LF:11
LH:0
end_of_record
SF:lib\cep\common\events\cep_saved_on_local_ds_event.dart
DA:6,1
LF:1
LH:1
end_of_record
SF:lib\cep\common\events\cep_saved_on_local_ds_event_handler.dart
DA:8,0
DA:10,0
DA:12,0
LF:3
LH:0
end_of_record
SF:lib\cep\consultar\consultar_cep_state.dart
DA:8,1
DA:9,1
DA:13,1
DA:14,1
DA:20,1
DA:22,1
DA:23,2
DA:29,1
DA:31,1
DA:32,2
LF:10
LH:10
end_of_record
SF:lib\cep\consultar\consultar_cep_store.dart
DA:15,1
DA:21,2
DA:23,1
DA:24,2
DA:25,1
DA:27,2
DA:29,2
DA:31,2
DA:32,3
DA:33,1
DA:34,3
DA:36,2
DA:39,2
DA:41,1
DA:42,1
DA:43,2
DA:45,1
LF:17
LH:17
end_of_record
SF:lib\counter\counter_store.dart
DA:8,2
DA:10,1
DA:11,2
DA:12,2
DA:13,2
DA:14,1
DA:15,1
DA:16,3
DA:18,1
DA:20,1
DA:23,1
DA:24,2
DA:25,3
DA:26,2
DA:27,2
DA:28,1
DA:29,1
DA:30,3
DA:32,1
DA:35,1
LF:20
LH:20
end_of_record
SF:lib\counter\counter_state.dart
DA:6,3
DA:10,3
DA:12,1
DA:13,2
DA:19,2
DA:21,0
DA:22,0
DA:26,1
DA:27,2
LF:9
LH:7
end_of_record
